{"/Users/erikfernandes/GIT/pagamento-service/src/application/usecases/gerarPagamento.js": {"path":"/Users/erikfernandes/GIT/pagamento-service/src/application/usecases/gerarPagamento.js","statementMap":{"0":{"start":{"line":1,"column":28},"end":{"line":1,"column":84}},"1":{"start":{"line":2,"column":24},"end":{"line":2,"column":78}},"2":{"start":{"line":3,"column":28},"end":{"line":3,"column":84}},"3":{"start":{"line":7,"column":4},"end":{"line":7,"column":50}},"4":{"start":{"line":8,"column":4},"end":{"line":8,"column":40}},"5":{"start":{"line":9,"column":4},"end":{"line":9,"column":35}},"6":{"start":{"line":10,"column":4},"end":{"line":10,"column":51}},"7":{"start":{"line":14,"column":4},"end":{"line":16,"column":5}},"8":{"start":{"line":15,"column":6},"end":{"line":15,"column":72}},"9":{"start":{"line":18,"column":19},"end":{"line":18,"column":59}},"10":{"start":{"line":19,"column":4},"end":{"line":21,"column":5}},"11":{"start":{"line":20,"column":6},"end":{"line":20,"column":67}},"12":{"start":{"line":23,"column":19},"end":{"line":23,"column":49}},"13":{"start":{"line":24,"column":22},"end":{"line":28,"column":6}},"14":{"start":{"line":30,"column":4},"end":{"line":30,"column":21}},"15":{"start":{"line":34,"column":0},"end":{"line":34,"column":39}}},"fnMap":{"0":{"name":"(anonymous_0)","decl":{"start":{"line":6,"column":2},"end":{"line":6,"column":3}},"loc":{"start":{"line":6,"column":30},"end":{"line":11,"column":3}},"line":6},"1":{"name":"(anonymous_1)","decl":{"start":{"line":13,"column":2},"end":{"line":13,"column":3}},"loc":{"start":{"line":13,"column":26},"end":{"line":31,"column":3}},"line":13}},"branchMap":{"0":{"loc":{"start":{"line":14,"column":4},"end":{"line":16,"column":5}},"type":"if","locations":[{"start":{"line":14,"column":4},"end":{"line":16,"column":5}},{"start":{},"end":{}}],"line":14},"1":{"loc":{"start":{"line":19,"column":4},"end":{"line":21,"column":5}},"type":"if","locations":[{"start":{"line":19,"column":4},"end":{"line":21,"column":5}},{"start":{},"end":{}}],"line":19},"2":{"loc":{"start":{"line":25,"column":23},"end":{"line":25,"column":51}},"type":"binary-expr","locations":[{"start":{"line":25,"column":23},"end":{"line":25,"column":38}},{"start":{"line":25,"column":42},"end":{"line":25,"column":51}}],"line":25}},"s":{"0":1,"1":1,"2":1,"3":4,"4":4,"5":4,"6":4,"7":3,"8":1,"9":2,"10":2,"11":1,"12":1,"13":1,"14":1,"15":1},"f":{"0":4,"1":3},"b":{"0":[1,2],"1":[1,1],"2":[1,1]},"_coverageSchema":"1a1c01bbd47fc00a2c39e90264f33305004495a9","hash":"09067406b378cc784d97ed3b7c142cbcf05b7e88"}
}
